[2025-03-13 19:19:46,297: INFO: Starting Data Ingestion Stage]
[2025-03-13 19:19:46,298: INFO: Loaded file: config\config.yaml]
[2025-03-13 19:19:46,300: INFO: Loaded file: params.yaml]
[2025-03-13 19:19:46,301: INFO: Loaded file: schema.yaml]
[2025-03-13 19:19:46,301: INFO: Created directory at: artifacts]
[2025-03-13 19:19:46,302: INFO: Created directory at: artifacts/data_ingestion]
[2025-03-13 19:19:47,093: INFO: artifacts/data_ingestion/data.zip download! with following info: 
Connection: close
Content-Length: 23329
Cache-Control: max-age=300
Content-Security-Policy: default-src 'none'; style-src 'unsafe-inline'; sandbox
Content-Type: application/zip
ETag: "c69888a4ae59bc5a893392785a938ccd4937981c06ba8a9d6a21aa52b4ab5b6e"
Strict-Transport-Security: max-age=31536000
X-Content-Type-Options: nosniff
X-Frame-Options: deny
X-XSS-Protection: 1; mode=block
X-GitHub-Request-Id: 8B12:2A12F6:169A3B:1CD0CA:67D36813
Accept-Ranges: bytes
Date: Thu, 13 Mar 2025 23:19:47 GMT
Via: 1.1 varnish
X-Served-By: cache-ewr-kewr1740020-EWR
X-Cache: MISS
X-Cache-Hits: 0
X-Timer: S1741907987.186473,VS0,VE102
Vary: Authorization,Accept-Encoding,Origin
Access-Control-Allow-Origin: *
Cross-Origin-Resource-Policy: cross-origin
X-Fastly-Request-ID: 73485f02c9bf0ef5289305bc9719406b5ab7c22c
Expires: Thu, 13 Mar 2025 23:24:47 GMT
Source-Age: 0

]
[2025-03-13 19:19:47,106: INFO: Completed Data Ingestion Stage]
[2025-03-13 22:18:35,367: INFO: Loaded file: config\config.yaml]
[2025-03-13 22:18:35,370: INFO: Loaded file: params.yaml]
[2025-03-13 22:18:35,372: INFO: Loaded file: schema.yaml]
[2025-03-13 22:18:35,374: INFO: Created directory at: artifacts]
[2025-03-13 22:18:35,375: INFO: Created directory at: artifacts/data_validation]
[2025-03-13 22:40:34,305: INFO: Starting Data Ingestion Stage]
[2025-03-13 22:40:34,307: INFO: Loaded file: config\config.yaml]
[2025-03-13 22:40:34,308: INFO: Loaded file: params.yaml]
[2025-03-13 22:40:34,309: INFO: Loaded file: schema.yaml]
[2025-03-13 22:40:34,310: INFO: Created directory at: artifacts]
[2025-03-13 22:40:34,310: INFO: Created directory at: artifacts/data_ingestion]
[2025-03-13 22:40:34,311: INFO: File already exists]
[2025-03-13 22:40:34,314: INFO: Completed Data Ingestion Stage]
[2025-03-13 22:40:34,315: INFO: Starting Data Validation Stage]
[2025-03-13 22:40:34,316: INFO: Loaded file: config\config.yaml]
[2025-03-13 22:40:34,319: INFO: Loaded file: params.yaml]
[2025-03-13 22:40:34,331: INFO: Loaded file: schema.yaml]
[2025-03-13 22:40:34,336: INFO: Created directory at: artifacts]
[2025-03-13 22:40:34,337: INFO: Created directory at: artifacts/data_validation]
[2025-03-13 22:40:34,411: INFO: Completed Data Validation Stage]
[2025-03-13 23:08:47,348: INFO: Loaded file: config\config.yaml]
[2025-03-13 23:08:47,359: INFO: Loaded file: params.yaml]
[2025-03-13 23:08:47,381: INFO: Loaded file: schema.yaml]
[2025-03-13 23:08:47,383: INFO: Created directory at: artifacts]
[2025-03-13 23:08:47,384: INFO: Created directory at: artifacts/data_transformation]
[2025-03-13 23:10:20,111: INFO: Loaded file: config\config.yaml]
[2025-03-13 23:10:20,112: INFO: Loaded file: params.yaml]
[2025-03-13 23:10:20,129: INFO: Loaded file: schema.yaml]
[2025-03-13 23:10:20,134: INFO: Created directory at: artifacts]
[2025-03-13 23:10:20,141: INFO: Created directory at: artifacts/data_transformation]
[2025-03-13 23:11:24,674: INFO: Loaded file: config\config.yaml]
[2025-03-13 23:11:24,685: INFO: Loaded file: params.yaml]
[2025-03-13 23:11:24,700: INFO: Loaded file: schema.yaml]
[2025-03-13 23:11:24,711: INFO: Created directory at: artifacts]
[2025-03-13 23:11:24,716: INFO: Created directory at: artifacts/data_transformation]
[2025-03-13 23:11:24,814: INFO: Train and Test data saved.]
[2025-03-13 23:11:24,821: INFO: Train data shape: (1199, 12)]
[2025-03-13 23:11:24,828: INFO: Test data shape: (400, 12)]
[2025-03-13 23:12:18,315: INFO: Loaded file: config\config.yaml]
[2025-03-13 23:12:18,316: INFO: Loaded file: params.yaml]
[2025-03-13 23:12:18,318: INFO: Loaded file: schema.yaml]
[2025-03-13 23:12:18,319: INFO: Created directory at: artifacts]
[2025-03-13 23:12:18,319: INFO: Created directory at: artifacts/data_transformation]
[2025-03-13 23:12:18,333: INFO: Train and Test data saved.]
[2025-03-13 23:12:18,334: INFO: Train data shape: (1199, 12)]
[2025-03-13 23:12:18,335: INFO: Test data shape: (400, 12)]
[2025-03-13 23:19:35,990: INFO: Starting Data Ingestion Stage]
[2025-03-13 23:19:35,992: INFO: Loaded file: config\config.yaml]
[2025-03-13 23:19:35,993: INFO: Loaded file: params.yaml]
[2025-03-13 23:19:35,994: INFO: Loaded file: schema.yaml]
[2025-03-13 23:19:35,994: INFO: Created directory at: artifacts]
[2025-03-13 23:19:35,995: INFO: Created directory at: artifacts/data_ingestion]
[2025-03-13 23:19:35,995: INFO: File already exists]
[2025-03-13 23:19:35,997: INFO: Completed Data Ingestion Stage]
[2025-03-13 23:19:35,997: INFO: Starting Data Validation Stage]
[2025-03-13 23:19:35,998: INFO: Loaded file: config\config.yaml]
[2025-03-13 23:19:35,999: INFO: Loaded file: params.yaml]
[2025-03-13 23:19:36,000: INFO: Loaded file: schema.yaml]
[2025-03-13 23:19:36,001: INFO: Created directory at: artifacts]
[2025-03-13 23:19:36,002: INFO: Created directory at: artifacts/data_validation]
[2025-03-13 23:19:36,015: INFO: Completed Data Validation Stage]
[2025-03-13 23:19:36,015: INFO: Starting Data Transformation Stage]
[2025-03-13 23:19:36,016: INFO: Loaded file: config\config.yaml]
[2025-03-13 23:19:36,017: INFO: Loaded file: params.yaml]
[2025-03-13 23:19:36,018: INFO: Loaded file: schema.yaml]
[2025-03-13 23:19:36,018: INFO: Created directory at: artifacts]
[2025-03-13 23:19:36,018: INFO: Created directory at: artifacts/data_transformation]
[2025-03-13 23:19:36,031: INFO: Train and Test data saved.]
[2025-03-13 23:19:36,032: INFO: Train data shape: (1199, 12)]
[2025-03-13 23:19:36,032: INFO: Test data shape: (400, 12)]
[2025-03-13 23:19:36,032: INFO: Completed Data Transformation Stage]
[2025-03-13 23:24:02,593: INFO: Starting Data Ingestion Stage]
[2025-03-13 23:24:02,594: INFO: Loaded file: config\config.yaml]
[2025-03-13 23:24:02,595: INFO: Loaded file: params.yaml]
[2025-03-13 23:24:02,596: INFO: Loaded file: schema.yaml]
[2025-03-13 23:24:02,597: INFO: Created directory at: artifacts]
[2025-03-13 23:24:02,597: INFO: Created directory at: artifacts/data_ingestion]
[2025-03-13 23:24:02,597: INFO: File already exists]
[2025-03-13 23:24:02,599: INFO: Completed Data Ingestion Stage]
[2025-03-13 23:24:02,599: INFO: Starting Data Validation Stage]
[2025-03-13 23:24:02,600: INFO: Loaded file: config\config.yaml]
[2025-03-13 23:24:02,601: INFO: Loaded file: params.yaml]
[2025-03-13 23:24:02,603: INFO: Loaded file: schema.yaml]
[2025-03-13 23:24:02,603: INFO: Created directory at: artifacts]
[2025-03-13 23:24:02,604: INFO: Created directory at: artifacts/data_validation]
[2025-03-13 23:24:02,617: INFO: Completed Data Validation Stage]
[2025-03-13 23:24:02,617: INFO: Starting Data Transformation Stage]
[2025-03-13 23:24:02,619: INFO: Completed Data Transformation Stage]
[2025-03-13 23:24:22,834: INFO: Starting Data Ingestion Stage]
[2025-03-13 23:24:22,836: INFO: Loaded file: config\config.yaml]
[2025-03-13 23:24:22,837: INFO: Loaded file: params.yaml]
[2025-03-13 23:24:22,838: INFO: Loaded file: schema.yaml]
[2025-03-13 23:24:22,839: INFO: Created directory at: artifacts]
[2025-03-13 23:24:22,839: INFO: Created directory at: artifacts/data_ingestion]
[2025-03-13 23:24:22,839: INFO: File already exists]
[2025-03-13 23:24:22,842: INFO: Completed Data Ingestion Stage]
[2025-03-13 23:24:22,842: INFO: Starting Data Validation Stage]
[2025-03-13 23:24:22,843: INFO: Loaded file: config\config.yaml]
[2025-03-13 23:24:22,844: INFO: Loaded file: params.yaml]
[2025-03-13 23:24:22,845: INFO: Loaded file: schema.yaml]
[2025-03-13 23:24:22,845: INFO: Created directory at: artifacts]
[2025-03-13 23:24:22,846: INFO: Created directory at: artifacts/data_validation]
[2025-03-13 23:24:22,859: INFO: Completed Data Validation Stage]
[2025-03-13 23:24:22,859: INFO: Starting Data Transformation Stage]
[2025-03-13 23:24:22,861: INFO: Completed Data Transformation Stage]
[2025-03-13 23:24:42,705: INFO: Starting Data Ingestion Stage]
[2025-03-13 23:24:42,706: INFO: Loaded file: config\config.yaml]
[2025-03-13 23:24:42,707: INFO: Loaded file: params.yaml]
[2025-03-13 23:24:42,708: INFO: Loaded file: schema.yaml]
[2025-03-13 23:24:42,708: INFO: Created directory at: artifacts]
[2025-03-13 23:24:42,709: INFO: Created directory at: artifacts/data_ingestion]
[2025-03-13 23:24:42,709: INFO: File already exists]
[2025-03-13 23:24:42,711: INFO: Completed Data Ingestion Stage]
[2025-03-13 23:24:42,711: INFO: Starting Data Validation Stage]
[2025-03-13 23:24:42,712: INFO: Loaded file: config\config.yaml]
[2025-03-13 23:24:42,713: INFO: Loaded file: params.yaml]
[2025-03-13 23:24:42,714: INFO: Loaded file: schema.yaml]
[2025-03-13 23:24:42,715: INFO: Created directory at: artifacts]
[2025-03-13 23:24:42,716: INFO: Created directory at: artifacts/data_validation]
[2025-03-13 23:24:42,728: INFO: Completed Data Validation Stage]
[2025-03-13 23:24:42,728: INFO: Starting Data Transformation Stage]
[2025-03-13 23:24:42,729: INFO: Completed Data Transformation Stage]
[2025-03-13 23:24:55,806: INFO: Starting Data Ingestion Stage]
[2025-03-13 23:24:55,808: INFO: Loaded file: config\config.yaml]
[2025-03-13 23:24:55,809: INFO: Loaded file: params.yaml]
[2025-03-13 23:24:55,810: INFO: Loaded file: schema.yaml]
[2025-03-13 23:24:55,811: INFO: Created directory at: artifacts]
[2025-03-13 23:24:55,811: INFO: Created directory at: artifacts/data_ingestion]
[2025-03-13 23:24:55,811: INFO: File already exists]
[2025-03-13 23:24:55,814: INFO: Completed Data Ingestion Stage]
[2025-03-13 23:24:55,814: INFO: Starting Data Validation Stage]
[2025-03-13 23:24:55,816: INFO: Loaded file: config\config.yaml]
[2025-03-13 23:24:55,816: INFO: Loaded file: params.yaml]
[2025-03-13 23:24:55,817: INFO: Loaded file: schema.yaml]
[2025-03-13 23:24:55,818: INFO: Created directory at: artifacts]
[2025-03-13 23:24:55,818: INFO: Created directory at: artifacts/data_validation]
[2025-03-13 23:24:55,832: INFO: Completed Data Validation Stage]
[2025-03-13 23:24:55,833: INFO: Starting Data Transformation Stage]
[2025-03-13 23:24:55,835: INFO: Loaded file: config\config.yaml]
[2025-03-13 23:24:55,836: INFO: Loaded file: params.yaml]
[2025-03-13 23:24:55,837: INFO: Loaded file: schema.yaml]
[2025-03-13 23:24:55,838: INFO: Created directory at: artifacts]
[2025-03-13 23:24:55,838: INFO: Created directory at: artifacts/data_transformation]
[2025-03-13 23:24:55,852: INFO: Train and Test data saved.]
[2025-03-13 23:24:55,852: INFO: Train data shape: (1199, 12)]
[2025-03-13 23:24:55,853: INFO: Test data shape: (400, 12)]
[2025-03-13 23:24:55,853: INFO: Completed Data Transformation Stage]
[2025-03-14 14:44:59,588: INFO: Loaded file: config\config.yaml]
[2025-03-14 14:44:59,595: INFO: Loaded file: params.yaml]
[2025-03-14 14:44:59,605: INFO: Loaded file: schema.yaml]
[2025-03-14 14:44:59,607: INFO: Created directory at: artifacts]
[2025-03-14 14:46:57,783: INFO: Loaded file: config\config.yaml]
[2025-03-14 14:46:57,784: INFO: Loaded file: params.yaml]
[2025-03-14 14:46:57,786: INFO: Loaded file: schema.yaml]
[2025-03-14 14:46:57,787: INFO: Created directory at: artifacts]
[2025-03-14 14:48:38,658: INFO: Loaded file: config\config.yaml]
[2025-03-14 14:48:38,660: INFO: Loaded file: params.yaml]
[2025-03-14 14:48:38,663: INFO: Loaded file: schema.yaml]
[2025-03-14 14:48:38,664: INFO: Created directory at: artifacts]
[2025-03-14 14:49:12,273: INFO: Loaded file: config\config.yaml]
[2025-03-14 14:49:12,276: INFO: Loaded file: params.yaml]
[2025-03-14 14:49:12,279: INFO: Loaded file: schema.yaml]
[2025-03-14 14:49:12,281: INFO: Created directory at: artifacts]
[2025-03-14 14:49:38,377: INFO: Loaded file: config\config.yaml]
[2025-03-14 14:49:38,379: INFO: Loaded file: params.yaml]
[2025-03-14 14:49:38,381: INFO: Loaded file: schema.yaml]
[2025-03-14 14:49:38,382: INFO: Created directory at: artifacts]
[2025-03-14 14:49:38,382: INFO: Created directory at: artifacts/model_training]
[2025-03-14 14:50:52,051: INFO: Loaded file: config\config.yaml]
[2025-03-14 14:50:52,052: INFO: Loaded file: params.yaml]
[2025-03-14 14:50:52,054: INFO: Loaded file: schema.yaml]
[2025-03-14 14:50:52,055: INFO: Created directory at: artifacts]
[2025-03-14 14:50:52,056: INFO: Created directory at: artifacts/model_training]
[2025-03-14 14:51:20,008: INFO: Loaded file: config\config.yaml]
[2025-03-14 14:51:20,009: INFO: Loaded file: params.yaml]
[2025-03-14 14:51:20,011: INFO: Loaded file: schema.yaml]
[2025-03-14 14:51:20,012: INFO: Created directory at: artifacts]
[2025-03-14 14:51:20,014: INFO: Created directory at: artifacts/model_training]
[2025-03-14 14:57:23,076: INFO: Starting Data Ingestion Stage]
[2025-03-14 14:57:23,078: INFO: Loaded file: config\config.yaml]
[2025-03-14 14:57:23,079: INFO: Loaded file: params.yaml]
[2025-03-14 14:57:23,080: INFO: Loaded file: schema.yaml]
[2025-03-14 14:57:23,081: INFO: Created directory at: artifacts]
[2025-03-14 14:57:23,081: INFO: Created directory at: artifacts/data_ingestion]
[2025-03-14 14:57:23,082: INFO: File already exists]
[2025-03-14 14:57:23,095: INFO: Completed Data Ingestion Stage]
[2025-03-14 14:57:23,095: INFO: Starting Data Validation Stage]
[2025-03-14 14:57:23,097: INFO: Loaded file: config\config.yaml]
[2025-03-14 14:57:23,097: INFO: Loaded file: params.yaml]
[2025-03-14 14:57:23,099: INFO: Loaded file: schema.yaml]
[2025-03-14 14:57:23,100: INFO: Created directory at: artifacts]
[2025-03-14 14:57:23,100: INFO: Created directory at: artifacts/data_validation]
[2025-03-14 14:57:23,120: INFO: Completed Data Validation Stage]
[2025-03-14 14:57:23,120: INFO: Starting Data Transformation Stage]
[2025-03-14 14:57:23,136: INFO: Loaded file: config\config.yaml]
[2025-03-14 14:57:23,137: INFO: Loaded file: params.yaml]
[2025-03-14 14:57:23,138: INFO: Loaded file: schema.yaml]
[2025-03-14 14:57:23,139: INFO: Created directory at: artifacts]
[2025-03-14 14:57:23,140: INFO: Created directory at: artifacts/data_transformation]
[2025-03-14 14:57:23,155: INFO: Train and Test data saved.]
[2025-03-14 14:57:23,155: INFO: Train data shape: (1199, 12)]
[2025-03-14 14:57:23,156: INFO: Test data shape: (400, 12)]
[2025-03-14 14:57:23,156: INFO: Completed Data Transformation Stage]
[2025-03-14 14:57:23,156: INFO: Starting Model Training Stage]
[2025-03-14 14:57:23,157: INFO: Loaded file: config\config.yaml]
[2025-03-14 14:57:23,158: INFO: Loaded file: params.yaml]
[2025-03-14 14:57:23,160: INFO: Loaded file: schema.yaml]
[2025-03-14 14:57:23,161: INFO: Created directory at: artifacts]
[2025-03-14 14:57:23,161: ERROR: 'ConfigurationManager' object has no attribute 'get_model_training_config']
Traceback (most recent call last):
  File "D:\Projects\Wine-Quality-Prediction-Pipeline\main.py", line 44, in <module>
    model_training_pipeline.initiate_model_training()
    ~~~~~~~~~~~~~~~~~~~~~~~~~~~~~~~~~~~~~~~~~~~~~~~^^
  File "D:\Projects\Wine-Quality-Prediction-Pipeline\src\wine_quality_pipline\pipeline\model_training_pipeline.py", line 14, in initiate_model_training
    model_training_config = config.get_model_training_config()
                            ^^^^^^^^^^^^^^^^^^^^^^^^^^^^^^^^
AttributeError: 'ConfigurationManager' object has no attribute 'get_model_training_config'. Did you mean: 'get_model_trainer_config'?
[2025-03-14 14:57:44,272: INFO: Starting Data Ingestion Stage]
[2025-03-14 14:57:44,274: INFO: Loaded file: config\config.yaml]
[2025-03-14 14:57:44,275: INFO: Loaded file: params.yaml]
[2025-03-14 14:57:44,276: INFO: Loaded file: schema.yaml]
[2025-03-14 14:57:44,276: INFO: Created directory at: artifacts]
[2025-03-14 14:57:44,277: INFO: Created directory at: artifacts/data_ingestion]
[2025-03-14 14:57:44,277: INFO: File already exists]
[2025-03-14 14:57:44,279: INFO: Completed Data Ingestion Stage]
[2025-03-14 14:57:44,280: INFO: Starting Data Validation Stage]
[2025-03-14 14:57:44,281: INFO: Loaded file: config\config.yaml]
[2025-03-14 14:57:44,282: INFO: Loaded file: params.yaml]
[2025-03-14 14:57:44,283: INFO: Loaded file: schema.yaml]
[2025-03-14 14:57:44,284: INFO: Created directory at: artifacts]
[2025-03-14 14:57:44,284: INFO: Created directory at: artifacts/data_validation]
[2025-03-14 14:57:44,302: INFO: Completed Data Validation Stage]
[2025-03-14 14:57:44,303: INFO: Starting Data Transformation Stage]
[2025-03-14 14:57:44,306: INFO: Loaded file: config\config.yaml]
[2025-03-14 14:57:44,306: INFO: Loaded file: params.yaml]
[2025-03-14 14:57:44,308: INFO: Loaded file: schema.yaml]
[2025-03-14 14:57:44,308: INFO: Created directory at: artifacts]
[2025-03-14 14:57:44,309: INFO: Created directory at: artifacts/data_transformation]
[2025-03-14 14:57:44,323: INFO: Train and Test data saved.]
[2025-03-14 14:57:44,324: INFO: Train data shape: (1199, 12)]
[2025-03-14 14:57:44,324: INFO: Test data shape: (400, 12)]
[2025-03-14 14:57:44,324: INFO: Completed Data Transformation Stage]
[2025-03-14 14:57:44,325: INFO: Starting Model Training Stage]
[2025-03-14 14:57:44,326: INFO: Loaded file: config\config.yaml]
[2025-03-14 14:57:44,327: INFO: Loaded file: params.yaml]
[2025-03-14 14:57:44,328: INFO: Loaded file: schema.yaml]
[2025-03-14 14:57:44,329: INFO: Created directory at: artifacts]
[2025-03-14 14:57:44,330: INFO: Created directory at: artifacts/model_training]
[2025-03-14 14:57:44,402: INFO: Completed Model Training Stage]
[2025-03-14 14:58:02,426: INFO: Starting Data Ingestion Stage]
[2025-03-14 14:58:02,428: INFO: Loaded file: config\config.yaml]
[2025-03-14 14:58:02,429: INFO: Loaded file: params.yaml]
[2025-03-14 14:58:02,431: INFO: Loaded file: schema.yaml]
[2025-03-14 14:58:02,431: INFO: Created directory at: artifacts]
[2025-03-14 14:58:02,432: INFO: Created directory at: artifacts/data_ingestion]
[2025-03-14 14:58:02,432: INFO: File already exists]
[2025-03-14 14:58:02,435: INFO: Completed Data Ingestion Stage]
[2025-03-14 14:58:02,435: INFO: Starting Data Validation Stage]
[2025-03-14 14:58:02,436: INFO: Loaded file: config\config.yaml]
[2025-03-14 14:58:02,437: INFO: Loaded file: params.yaml]
[2025-03-14 14:58:02,439: INFO: Loaded file: schema.yaml]
[2025-03-14 14:58:02,440: INFO: Created directory at: artifacts]
[2025-03-14 14:58:02,440: INFO: Created directory at: artifacts/data_validation]
[2025-03-14 14:58:02,468: INFO: Completed Data Validation Stage]
[2025-03-14 14:58:02,468: INFO: Starting Data Transformation Stage]
[2025-03-14 14:58:02,471: INFO: Loaded file: config\config.yaml]
[2025-03-14 14:58:02,472: INFO: Loaded file: params.yaml]
[2025-03-14 14:58:02,473: INFO: Loaded file: schema.yaml]
[2025-03-14 14:58:02,473: INFO: Created directory at: artifacts]
[2025-03-14 14:58:02,474: INFO: Created directory at: artifacts/data_transformation]
[2025-03-14 14:58:02,487: INFO: Train and Test data saved.]
[2025-03-14 14:58:02,487: INFO: Train data shape: (1199, 12)]
[2025-03-14 14:58:02,487: INFO: Test data shape: (400, 12)]
[2025-03-14 14:58:02,488: INFO: Completed Data Transformation Stage]
[2025-03-14 14:58:02,488: INFO: Starting Model Training Stage]
[2025-03-14 14:58:02,489: INFO: Loaded file: config\config.yaml]
[2025-03-14 14:58:02,490: INFO: Loaded file: params.yaml]
[2025-03-14 14:58:02,492: INFO: Loaded file: schema.yaml]
[2025-03-14 14:58:02,492: INFO: Created directory at: artifacts]
[2025-03-14 14:58:02,493: INFO: Created directory at: artifacts/model_training]
[2025-03-14 14:58:02,544: INFO: Completed Model Training Stage]
